<?xml version="1.0" encoding="UTF-8"?>
<testng-results ignored="0" total="2" passed="0" failed="2" skipped="0">
  <reporter-output>
  </reporter-output>
  <suite started-at="2025-03-07T16:28:33 IST" name="Default suite" finished-at="2025-03-07T16:28:40 IST" duration-ms="7217">
    <groups>
      <group name="cucumber">
        <method signature="AbstractTestNGCucumberTests.runScenario(io.cucumber.testng.PickleWrapper,io.cucumber.testng.FeatureWrapper)[pri:0, instance:runner.RunTest@76505305]" name="runScenario" class="io.cucumber.testng.AbstractTestNGCucumberTests"/>
      </group> <!-- cucumber -->
    </groups>
    <test started-at="2025-03-07T16:28:33 IST" name="Default test" finished-at="2025-03-07T16:28:40 IST" duration-ms="7217">
      <class name="runner.RunTest">
        <test-method is-config="true" signature="setUpClass(org.testng.ITestContext)[pri:0, instance:runner.RunTest@76505305]" started-at="2025-03-07T16:28:33 IST" name="setUpClass" finished-at="2025-03-07T16:28:34 IST" duration-ms="838" status="PASS">
          <params>
            <param index="0">
              <value>
                <![CDATA[org.testng.TestRunner@5adb0db3]]>
              </value>
            </param>
          </params>
          <reporter-output>
          </reporter-output>
        </test-method> <!-- setUpClass -->
        <test-method signature="runScenario(io.cucumber.testng.PickleWrapper,io.cucumber.testng.FeatureWrapper)[pri:0, instance:runner.RunTest@76505305]" started-at="2025-03-07T16:28:34 IST" name="runScenario" description="Runs Cucumber Scenarios" data-provider="scenarios" finished-at="2025-03-07T16:28:40 IST" duration-ms="6265" status="FAIL">
          <params>
            <param index="0">
              <value>
                <![CDATA["Successfully Create a Booking with Complete Details"]]>
              </value>
            </param>
            <param index="1">
              <value>
                <![CDATA["Hotel Room Booking"]]>
              </value>
            </param>
          </params>
          <exception class="java.lang.AssertionError">
            <message>
              <![CDATA[Booking Failure-->Response Code is NOT 200, Please check!
Expected: <201>
     but: was <409>]]>
            </message>
            <full-stacktrace>
              <![CDATA[java.lang.AssertionError: Booking Failure-->Response Code is NOT 200, Please check!
Expected: <201>
     but: was <409>
at org.hamcrest.MatcherAssert.assertThat(MatcherAssert.java:20)
at steps.BookingSteps.verifyBookingConfirmation(BookingSteps.java:39)
at ✽.Booking is confirmed with a success message(file:///C:/KATA_API_FRAMEWORK/RESTAPI__AUTOMATION_FRAMEWORK/src/test/resources/feature/Bookings.feature:18)
]]>
            </full-stacktrace>
          </exception> <!-- java.lang.AssertionError -->
          <reporter-output>
          </reporter-output>
        </test-method> <!-- runScenario -->
        <test-method signature="runScenario(io.cucumber.testng.PickleWrapper,io.cucumber.testng.FeatureWrapper)[pri:0, instance:runner.RunTest@76505305]" started-at="2025-03-07T16:28:34 IST" name="runScenario" description="Runs Cucumber Scenarios" data-provider="scenarios" finished-at="2025-03-07T16:28:40 IST" duration-ms="6194" status="FAIL">
          <params>
            <param index="0">
              <value>
                <![CDATA["Retrieve and Confirm Booking Details Using Booking ID"]]>
              </value>
            </param>
            <param index="1">
              <value>
                <![CDATA["Hotel Room Booking"]]>
              </value>
            </param>
          </params>
          <exception class="java.lang.AssertionError">
            <message>
              <![CDATA[Unable to get the booking details-->Response Code is NOT 200, Please check!
Expected: <200>
     but: was <404>]]>
            </message>
            <full-stacktrace>
              <![CDATA[java.lang.AssertionError: Unable to get the booking details-->Response Code is NOT 200, Please check!
Expected: <200>
     but: was <404>
at org.hamcrest.MatcherAssert.assertThat(MatcherAssert.java:20)
at steps.BookingSteps.bookingDetailsSuccessfullyRetrieved(BookingSteps.java:65)
at ✽.I should receive a successful confirmation for the booking details(file:///C:/KATA_API_FRAMEWORK/RESTAPI__AUTOMATION_FRAMEWORK/src/test/resources/feature/Bookings.feature:25)
]]>
            </full-stacktrace>
          </exception> <!-- java.lang.AssertionError -->
          <reporter-output>
          </reporter-output>
        </test-method> <!-- runScenario -->
        <test-method is-config="true" signature="tearDownClass()[pri:0, instance:runner.RunTest@76505305]" started-at="2025-03-07T16:28:40 IST" name="tearDownClass" finished-at="2025-03-07T16:28:40 IST" duration-ms="15" status="PASS">
          <reporter-output>
          </reporter-output>
        </test-method> <!-- tearDownClass -->
      </class> <!-- runner.RunTest -->
    </test> <!-- Default test -->
  </suite> <!-- Default suite -->
</testng-results>
